Using pre-set license
Built from '2021.3/staging' branch; Version is '2021.3.24f1 (cf10dcf7010d) revision 13570268'; Using compiler version '192829333'; Build Type 'Release'
OS: 'Windows 11  (10.0.22621) 64bit Professional' Language: 'en' Physical Memory: 8034 MB
BatchMode: 1, IsHumanControllingUs: 0, StartBugReporterOnCrash: 0, Is64bit: 1, IsPro: 1

COMMAND LINE ARGUMENTS:
D:\Unity\2021.3.24f1\Editor\Unity.exe
-adb2
-batchMode
-noUpm
-name
AssetImportWorker0
-projectPath
C:/Users/thanh/Downloads/New folder (2)/05Project1
-logFile
Logs/AssetImportWorker0.log
-srvPort
53565
Successfully changed project path to: C:/Users/thanh/Downloads/New folder (2)/05Project1
C:/Users/thanh/Downloads/New folder (2)/05Project1
[UnityMemory] Configuration Parameters - Can be set up in boot.config
    "memorysetup-bucket-allocator-granularity=16"
    "memorysetup-bucket-allocator-bucket-count=8"
    "memorysetup-bucket-allocator-block-size=33554432"
    "memorysetup-bucket-allocator-block-count=8"
    "memorysetup-main-allocator-block-size=16777216"
    "memorysetup-thread-allocator-block-size=16777216"
    "memorysetup-gfx-main-allocator-block-size=16777216"
    "memorysetup-gfx-thread-allocator-block-size=16777216"
    "memorysetup-cache-allocator-block-size=4194304"
    "memorysetup-typetree-allocator-block-size=2097152"
    "memorysetup-profiler-bucket-allocator-granularity=16"
    "memorysetup-profiler-bucket-allocator-bucket-count=8"
    "memorysetup-profiler-bucket-allocator-block-size=33554432"
    "memorysetup-profiler-bucket-allocator-block-count=8"
    "memorysetup-profiler-allocator-block-size=16777216"
    "memorysetup-profiler-editor-allocator-block-size=1048576"
    "memorysetup-temp-allocator-size-main=16777216"
    "memorysetup-job-temp-allocator-block-size=2097152"
    "memorysetup-job-temp-allocator-block-size-background=1048576"
    "memorysetup-job-temp-allocator-reduction-small-platforms=262144"
    "memorysetup-temp-allocator-size-background-worker=32768"
    "memorysetup-temp-allocator-size-job-worker=262144"
    "memorysetup-temp-allocator-size-preload-manager=33554432"
    "memorysetup-temp-allocator-size-nav-mesh-worker=65536"
    "memorysetup-temp-allocator-size-audio-worker=65536"
    "memorysetup-temp-allocator-size-cloud-worker=32768"
    "memorysetup-temp-allocator-size-gi-baking-worker=262144"
    "memorysetup-temp-allocator-size-gfx=262144"
Player connection [19704] Host "[IP] 192.168.119.1 [Port] 0 [Flags] 2 [Guid] 2222169625 [EditorId] 2222169625 [Version] 1048832 [Id] WindowsEditor(7,ThanhVu) [Debug] 1 [PackageName] WindowsEditor [ProjectName] Editor" joined multi-casting on [225.0.0.222:54997]...

Player connection [19704] Host "[IP] 192.168.119.1 [Port] 0 [Flags] 2 [Guid] 2222169625 [EditorId] 2222169625 [Version] 1048832 [Id] WindowsEditor(7,ThanhVu) [Debug] 1 [PackageName] WindowsEditor [ProjectName] Editor" joined alternative multi-casting on [225.0.0.222:34997]...

Refreshing native plugins compatible for Editor in 57.66 ms, found 2 plugins.
Preloading 0 native plugins for Editor in 0.00 ms.
Initialize engine version: 2021.3.24f1 (cf10dcf7010d)
[Subsystems] Discovering subsystems at path D:/Unity/2021.3.24f1/Editor/Data/Resources/UnitySubsystems
[Subsystems] Discovering subsystems at path C:/Users/thanh/Downloads/New folder (2)/05Project1/Assets
GfxDevice: creating device client; threaded=0; jobified=0
Direct3D:
    Version:  Direct3D 11.0 [level 11.1]
    Renderer: Intel(R) UHD Graphics 620 (ID=0x3ea0)
    Vendor:   Intel
    VRAM:     4017 MB
    Driver:   27.20.100.9749
Initialize mono
Mono path[0] = 'D:/Unity/2021.3.24f1/Editor/Data/Managed'
Mono path[1] = 'D:/Unity/2021.3.24f1/Editor/Data/MonoBleedingEdge/lib/mono/unityjit-win32'
Mono config path = 'D:/Unity/2021.3.24f1/Editor/Data/MonoBleedingEdge/etc'
Using monoOptions --debugger-agent=transport=dt_socket,embedding=1,server=y,suspend=n,address=127.0.0.1:56768
Begin MonoManager ReloadAssembly
Registering precompiled unity dll's ...
Register platform support module: D:/Unity/2021.3.24f1/Editor/Data/PlaybackEngines/WebGLSupport/UnityEditor.WebGL.Extensions.dll
Register platform support module: D:/Unity/2021.3.24f1/Editor/Data/PlaybackEngines/WindowsStandaloneSupport/UnityEditor.WindowsStandalone.Extensions.dll
Registered in 0.005454 seconds.
Native extension for WindowsStandalone target not found
Native extension for WebGL target not found
Refreshing native plugins compatible for Editor in 63.87 ms, found 2 plugins.
Preloading 0 native plugins for Editor in 0.00 ms.
Mono: successfully reloaded assembly
- Completed reload, in  1.197 seconds
Domain Reload Profiling:
	ReloadAssembly (1198ms)
		BeginReloadAssembly (161ms)
			ExecutionOrderSort (0ms)
			DisableScriptedObjects (0ms)
			BackupInstance (0ms)
			ReleaseScriptingObjects (0ms)
			CreateAndSetChildDomain (1ms)
		EndReloadAssembly (863ms)
			LoadAssemblies (161ms)
			RebuildTransferFunctionScriptingTraits (0ms)
			SetupTypeCache (251ms)
			ReleaseScriptCaches (0ms)
			RebuildScriptCaches (61ms)
			SetupLoadedEditorAssemblies (427ms)
				LogAssemblyErrors (0ms)
				InitializePlatformSupportModulesInManaged (15ms)
				SetLoadedEditorAssemblies (0ms)
				RefreshPlugins (64ms)
				BeforeProcessingInitializeOnLoad (3ms)
				ProcessInitializeOnLoadAttributes (257ms)
				ProcessInitializeOnLoadMethodAttributes (88ms)
				AfterProcessingInitializeOnLoad (0ms)
				EditorAssembliesLoaded (0ms)
			ExecutionOrderSort2 (0ms)
			AwakeInstancesAfterBackupRestoration (0ms)
Platform modules already initialized, skipping
Registering precompiled user dll's ...
Registered in 0.020788 seconds.
Begin MonoManager ReloadAssembly
Native extension for WindowsStandalone target not found
Native extension for WebGL target not found
Refreshing native plugins compatible for Editor in 1.60 ms, found 2 plugins.
Preloading 0 native plugins for Editor in 0.00 ms.
Mono: successfully reloaded assembly
- Completed reload, in  2.676 seconds
Domain Reload Profiling:
	ReloadAssembly (2678ms)
		BeginReloadAssembly (295ms)
			ExecutionOrderSort (0ms)
			DisableScriptedObjects (13ms)
			BackupInstance (0ms)
			ReleaseScriptingObjects (0ms)
			CreateAndSetChildDomain (43ms)
		EndReloadAssembly (2184ms)
			LoadAssemblies (283ms)
			RebuildTransferFunctionScriptingTraits (0ms)
			SetupTypeCache (618ms)
			ReleaseScriptCaches (1ms)
			RebuildScriptCaches (163ms)
			SetupLoadedEditorAssemblies (1047ms)
				LogAssemblyErrors (0ms)
				InitializePlatformSupportModulesInManaged (16ms)
				SetLoadedEditorAssemblies (1ms)
				RefreshPlugins (2ms)
				BeforeProcessingInitializeOnLoad (150ms)
				ProcessInitializeOnLoadAttributes (495ms)
				ProcessInitializeOnLoadMethodAttributes (378ms)
				AfterProcessingInitializeOnLoad (4ms)
				EditorAssembliesLoaded (1ms)
			ExecutionOrderSort2 (0ms)
			AwakeInstancesAfterBackupRestoration (14ms)
Platform modules already initialized, skipping
========================================================================
Worker process is ready to serve import requests
Launched and connected shader compiler UnityShaderCompiler.exe after 0.10 seconds
Refreshing native plugins compatible for Editor in 1.15 ms, found 2 plugins.
Preloading 0 native plugins for Editor in 0.00 ms.
Unloading 2277 Unused Serialized files (Serialized files now loaded: 0)
Unloading 50 unused Assets / (56.1 KB). Loaded Objects now: 2721.
Memory consumption went from 88.3 MB to 88.3 MB.
Total: 12.626000 ms (FindLiveObjects: 0.285200 ms CreateObjectMapping: 0.323200 ms MarkObjects: 11.891800 ms  DeleteObjects: 0.124100 ms)

AssetImportParameters requested are different than current active one (requested -> active):
  custom:video-decoder-ogg-theora: a1e56fd34408186e4bbccfd4996cb3dc -> 
  custom:container-muxer-webm: aa71ff27fc2769a1b78a27578f13a17b -> 
  custom:container-demuxer-webm: 4f35f7cbe854078d1ac9338744f61a02 -> 
  custom:video-encoder-webm-vp8: eb34c28f22e8b96e1ab97ce403110664 -> 
  custom:audio-encoder-webm-vorbis: bf7c407c2cedff20999df2af8eb42d56 -> 
  custom:framework-win-MediaFoundation: 216162199b28c13a410421893ffa2e32 -> 
  custom:container-demuxer-ogg: 62fdf1f143b41e24485cea50d1cbac27 -> 
  custom:video-decoder-webm-vp8: 9c59270c3fd7afecdb556c50c9e8de78 -> 
  custom:audio-decoder-ogg-vorbis: bf7c407c2cedff20999df2af8eb42d56 -> 
========================================================================
Received Import Request.
  Time since last request: 28453.279541 seconds.
  path: Assets/Scripts/AutoDisableScript.cs
  artifactKey: Guid(afc1bcb129bce7d418851bfcb76c7947) Importer(815301076,1909f56bfc062723c751e8b465ee728b)
Start importing Assets/Scripts/AutoDisableScript.cs using Guid(afc1bcb129bce7d418851bfcb76c7947) Importer(815301076,1909f56bfc062723c751e8b465ee728b)  -> (artifact id: '8cea76dc5ba0309084430082b749cdb2') in 0.090421 seconds 
========================================================================
Received Import Request.
  Time since last request: 1257.519692 seconds.
  path: Assets/Sounds/big_explosion.wav
  artifactKey: Guid(d9beab9309fe96e428f5dbb6cbfeed08) Importer(815301076,1909f56bfc062723c751e8b465ee728b)
Start importing Assets/Sounds/big_explosion.wav using Guid(d9beab9309fe96e428f5dbb6cbfeed08) Importer(815301076,1909f56bfc062723c751e8b465ee728b)  -> (artifact id: 'e8f769878631bdde488a823499f8323e') in 1.304907 seconds 
========================================================================
Received Import Request.
  Time since last request: 0.000099 seconds.
  path: Assets/Sounds/rifle.ogg
  artifactKey: Guid(b2a8101f4f6ba1342a0fb577e6d7243b) Importer(815301076,1909f56bfc062723c751e8b465ee728b)
Start importing Assets/Sounds/rifle.ogg using Guid(b2a8101f4f6ba1342a0fb577e6d7243b) Importer(815301076,1909f56bfc062723c751e8b465ee728b)  -> (artifact id: '5d8ed7400d52445e70ff2dc4462cbd41') in 0.047397 seconds 
========================================================================
Received Import Request.
  Time since last request: 0.000104 seconds.
  path: Assets/Sounds/Holst - Mars, the Bringer of War.mp3
  artifactKey: Guid(4f1fa0979362992478475aa02660adad) Importer(815301076,1909f56bfc062723c751e8b465ee728b)
Start importing Assets/Sounds/Holst - Mars, the Bringer of War.mp3 using Guid(4f1fa0979362992478475aa02660adad) Importer(815301076,1909f56bfc062723c751e8b465ee728b)  -> (artifact id: '529b26edcf66c2515cafe6fe6d548c7d') in 0.043537 seconds 
========================================================================
Received Import Request.
  Time since last request: 0.000144 seconds.
  path: Assets/Sounds/short_explosion.ogg
  artifactKey: Guid(d9e80fb15b7522f4fa5fb7cfe0b2618e) Importer(815301076,1909f56bfc062723c751e8b465ee728b)
Start importing Assets/Sounds/short_explosion.ogg using Guid(d9e80fb15b7522f4fa5fb7cfe0b2618e) Importer(815301076,1909f56bfc062723c751e8b465ee728b)  -> (artifact id: '5b5de215ab208349320fde037dd63f51') in 0.066270 seconds 
========================================================================
Received Import Request.
  Time since last request: 0.000040 seconds.
  path: Assets/Sounds/gun.ogg
  artifactKey: Guid(203ef4be476be0c428fb4e896a20e8aa) Importer(815301076,1909f56bfc062723c751e8b465ee728b)
Start importing Assets/Sounds/gun.ogg using Guid(203ef4be476be0c428fb4e896a20e8aa) Importer(815301076,1909f56bfc062723c751e8b465ee728b)  -> (artifact id: 'fb4b7535bc605e5c7d1fce029b359ffc') in 0.059138 seconds 
========================================================================
Received Import Request.
  Time since last request: 0.000043 seconds.
  path: Assets/Sounds/missile.wav
  artifactKey: Guid(6625fc1df6558404b947cae97513f39a) Importer(815301076,1909f56bfc062723c751e8b465ee728b)
Start importing Assets/Sounds/missile.wav using Guid(6625fc1df6558404b947cae97513f39a) Importer(815301076,1909f56bfc062723c751e8b465ee728b)  -> (artifact id: '355bad93a138a6b88187705bb9eb469f') in 0.058356 seconds 
========================================================================
Received Import Request.
  Time since last request: 3.940494 seconds.
  path: Assets/Prefabs/BigExplosionSoundEffect.prefab
  artifactKey: Guid(7d14fc236220807439621982d50d732b) Importer(815301076,1909f56bfc062723c751e8b465ee728b)
Start importing Assets/Prefabs/BigExplosionSoundEffect.prefab using Guid(7d14fc236220807439621982d50d732b) Importer(815301076,1909f56bfc062723c751e8b465ee728b)  -> (artifact id: 'e925052788a2953eb0c6cb2ffdca11bc') in 0.053857 seconds 
========================================================================
Received Import Request.
  Time since last request: 0.000024 seconds.
  path: Assets/Prefabs/Plane.prefab
  artifactKey: Guid(c10f8ee6335fe554e85979fe4b225ae5) Importer(815301076,1909f56bfc062723c751e8b465ee728b)
Start importing Assets/Prefabs/Plane.prefab using Guid(c10f8ee6335fe554e85979fe4b225ae5) Importer(815301076,1909f56bfc062723c751e8b465ee728b)  -> (artifact id: 'e710e87403d09b73cfa824e36044c959') in 0.162628 seconds 
========================================================================
Received Import Request.
  Time since last request: 0.000025 seconds.
  path: Assets/Prefabs/Tank.prefab
  artifactKey: Guid(a9f617fb7fe1e9742b1b293a2adbeed6) Importer(815301076,1909f56bfc062723c751e8b465ee728b)
Start importing Assets/Prefabs/Tank.prefab using Guid(a9f617fb7fe1e9742b1b293a2adbeed6) Importer(815301076,1909f56bfc062723c751e8b465ee728b)  -> (artifact id: '3147f129bda08c34230e7dea7f6d10f5') in 0.053984 seconds 
========================================================================
Received Import Request.
  Time since last request: 0.000058 seconds.
  path: Assets/Prefabs/Soldier.prefab
  artifactKey: Guid(2b4be0333c134ad478dfc8f4bd8c7f23) Importer(815301076,1909f56bfc062723c751e8b465ee728b)
Start importing Assets/Prefabs/Soldier.prefab using Guid(2b4be0333c134ad478dfc8f4bd8c7f23) Importer(815301076,1909f56bfc062723c751e8b465ee728b)  -> (artifact id: '215056a4dff193cd06d2fd01e0a4c0f8') in 0.071293 seconds 
========================================================================
Received Import Request.
  Time since last request: 0.000033 seconds.
  path: Assets/Prefabs/CoinSoundEffect.prefab
  artifactKey: Guid(57bc8ffdce9a0a0418f83cce63ad70cf) Importer(815301076,1909f56bfc062723c751e8b465ee728b)
Start importing Assets/Prefabs/CoinSoundEffect.prefab using Guid(57bc8ffdce9a0a0418f83cce63ad70cf) Importer(815301076,1909f56bfc062723c751e8b465ee728b)  -> (artifact id: '498bb92e0ffda67973f1690d79c26cd9') in 0.042993 seconds 
========================================================================
Received Import Request.
  Time since last request: 0.000034 seconds.
  path: Assets/Prefabs/Coin.prefab
  artifactKey: Guid(570d8db676ef6304ebdb3a76c5e8d74c) Importer(815301076,1909f56bfc062723c751e8b465ee728b)
Start importing Assets/Prefabs/Coin.prefab using Guid(570d8db676ef6304ebdb3a76c5e8d74c) Importer(815301076,1909f56bfc062723c751e8b465ee728b)  -> (artifact id: 'f42b3a3492ef54aa718f9b277aac0880') in 0.053401 seconds 
========================================================================
Received Import Request.
  Time since last request: 0.000066 seconds.
  path: Assets/Prefabs/HealthBar.prefab
  artifactKey: Guid(2eb22f0d0a001b54eb30db7e111838ca) Importer(815301076,1909f56bfc062723c751e8b465ee728b)
Start importing Assets/Prefabs/HealthBar.prefab using Guid(2eb22f0d0a001b54eb30db7e111838ca) Importer(815301076,1909f56bfc062723c751e8b465ee728b)  -> (artifact id: 'fe95b0ef0b0c96cd77eb971934f71aac') in 0.042946 seconds 
========================================================================
Received Import Request.
  Time since last request: 0.000096 seconds.
  path: Assets/Prefabs/ShortExplosionSoundEffect.prefab
  artifactKey: Guid(cfa645b05fd46d6478298554673c4721) Importer(815301076,1909f56bfc062723c751e8b465ee728b)
Start importing Assets/Prefabs/ShortExplosionSoundEffect.prefab using Guid(cfa645b05fd46d6478298554673c4721) Importer(815301076,1909f56bfc062723c751e8b465ee728b)  -> (artifact id: '64ee7a7786bdb1a6ebf2f870eee3f350') in 0.032805 seconds 
========================================================================
Received Import Request.
  Time since last request: 0.000054 seconds.
  path: Assets/Prefabs/RocketTower.prefab
  artifactKey: Guid(ef3db4d9269b55b4f9d38c128553c1fd) Importer(815301076,1909f56bfc062723c751e8b465ee728b)
Start importing Assets/Prefabs/RocketTower.prefab using Guid(ef3db4d9269b55b4f9d38c128553c1fd) Importer(815301076,1909f56bfc062723c751e8b465ee728b)  -> (artifact id: '4fec2ccfa050fc88bec607bdc8dca8cf') in 0.076037 seconds 
========================================================================
Received Import Request.
  Time since last request: 0.000034 seconds.
  path: Assets/Prefabs/MissileSoundEffect.prefab
  artifactKey: Guid(bc93e145345a9b64e88f70e82239ad6b) Importer(815301076,1909f56bfc062723c751e8b465ee728b)
Start importing Assets/Prefabs/MissileSoundEffect.prefab using Guid(bc93e145345a9b64e88f70e82239ad6b) Importer(815301076,1909f56bfc062723c751e8b465ee728b)  -> (artifact id: '7128b34027e81f0826558057f7bfd754') in 0.037023 seconds 
========================================================================
Received Import Request.
  Time since last request: 0.106623 seconds.
  path: Assets/Materials/Circle.mat
  artifactKey: Guid(6e2960b0010c004488927fc830499555) Importer(815301076,1909f56bfc062723c751e8b465ee728b)
Start importing Assets/Materials/Circle.mat using Guid(6e2960b0010c004488927fc830499555) Importer(815301076,1909f56bfc062723c751e8b465ee728b)  -> (artifact id: '883674b952944663acb9796f0e3f6f35') in 0.059585 seconds 
========================================================================
Received Prepare
Registering precompiled user dll's ...
Registered in 0.005310 seconds.
Begin MonoManager ReloadAssembly
Native extension for WindowsStandalone target not found
Native extension for WebGL target not found
Refreshing native plugins compatible for Editor in 1.02 ms, found 2 plugins.
Preloading 0 native plugins for Editor in 0.00 ms.
Mono: successfully reloaded assembly
- Completed reload, in  2.877 seconds
Domain Reload Profiling:
	ReloadAssembly (2882ms)
		BeginReloadAssembly (926ms)
			ExecutionOrderSort (0ms)
			DisableScriptedObjects (58ms)
			BackupInstance (0ms)
			ReleaseScriptingObjects (0ms)
			CreateAndSetChildDomain (540ms)
		EndReloadAssembly (1655ms)
			LoadAssemblies (321ms)
			RebuildTransferFunctionScriptingTraits (0ms)
			SetupTypeCache (441ms)
			ReleaseScriptCaches (1ms)
			RebuildScriptCaches (82ms)
			SetupLoadedEditorAssemblies (852ms)
				LogAssemblyErrors (0ms)
				InitializePlatformSupportModulesInManaged (12ms)
				SetLoadedEditorAssemblies (1ms)
				RefreshPlugins (1ms)
				BeforeProcessingInitializeOnLoad (140ms)
				ProcessInitializeOnLoadAttributes (420ms)
				ProcessInitializeOnLoadMethodAttributes (274ms)
				AfterProcessingInitializeOnLoad (3ms)
				EditorAssembliesLoaded (1ms)
			ExecutionOrderSort2 (0ms)
			AwakeInstancesAfterBackupRestoration (13ms)
Platform modules already initialized, skipping
Refreshing native plugins compatible for Editor in 14.92 ms, found 2 plugins.
Preloading 0 native plugins for Editor in 0.00 ms.
Unloading 2269 Unused Serialized files (Serialized files now loaded: 0)
Unloading 48 unused Assets / (53.3 KB). Loaded Objects now: 2767.
Memory consumption went from 92.0 MB to 92.0 MB.
Total: 24.330900 ms (FindLiveObjects: 0.622400 ms CreateObjectMapping: 0.261700 ms MarkObjects: 22.867600 ms  DeleteObjects: 0.576900 ms)

AssetImportParameters requested are different than current active one (requested -> active):
  custom:video-decoder-ogg-theora: a1e56fd34408186e4bbccfd4996cb3dc -> 
  custom:container-muxer-webm: aa71ff27fc2769a1b78a27578f13a17b -> 
  custom:container-demuxer-webm: 4f35f7cbe854078d1ac9338744f61a02 -> 
  custom:video-encoder-webm-vp8: eb34c28f22e8b96e1ab97ce403110664 -> 
  custom:audio-encoder-webm-vorbis: bf7c407c2cedff20999df2af8eb42d56 -> 
  custom:framework-win-MediaFoundation: 216162199b28c13a410421893ffa2e32 -> 
  custom:container-demuxer-ogg: 62fdf1f143b41e24485cea50d1cbac27 -> 
  custom:video-decoder-webm-vp8: 9c59270c3fd7afecdb556c50c9e8de78 -> 
  custom:audio-decoder-ogg-vorbis: bf7c407c2cedff20999df2af8eb42d56 -> 
